
--------------------
[ERROR] An error has occurred!

Error:
`StoreError: You are attempting to edit the text of the program though the program is set to immutable at address 0x00000008!

ID:
'RunStart'!


--------------------
[ERROR] An error has occurred!

Error:
`StoreError: You are attempting to edit the text of the program though the program is set to immutable at address 0x00000008!

ID:
'RunStart'!


--------------------
[ERROR] An error has occurred!

Error:
`StoreError: You are attempting to edit the text of the program though the program is set to immutable at address 0x00000008!

ID:
'RunStart'!


--------------------
[ERROR] An error has occurred!

Error:
`StoreError: You are attempting to edit the text of the program though the program is set to immutable at address 0x00000008!

ID:
'RunStart'!


--------------------
[ERROR] An error has occurred!

Error:
`StoreError: You are attempting to edit the text of the program though the program is set to immutable at address 0x00000008!

ID:
'RunStart'!


--------------------
[ERROR] An error has occurred!

Error:
`StoreError: You are attempting to edit the text of the program though the program is set to immutable at address 0x00000008!

ID:
'RunStart'!


--------------------
[ERROR] An error has occurred!

Error:
`StoreError: You are attempting to edit the text of the program though the program is set to immutable at address 0x00000008!

ID:
'RunStart'!


--------------------
[ERROR] An error has occurred!

Error:
`StoreError: You are attempting to edit the text of the program though the program is set to immutable at address 0x00000008!

ID:
'step'!


--------------------
[ERROR] An error has occurred!

Error:
`StoreError: You are attempting to edit the text of the program though the program is set to immutable at address 0x00000008!

ID:
'RunStart'!

